<?xml version="1.0" encoding="UTF-8"?>
<!-- Generated by org.testng.reporters.JUnitXMLReporter -->
<testsuite hostname="DESKTOP-83JUM21" ignored="0" name="Verimi" tests="4" failures="0" timestamp="2023-01-23T19:18:16 IST" time="34.628" errors="0">
  <testcase name="testcases1" time="3.837" classname="testcases.Verimi"/>
  <testcase name="testcases2" time="12.179" classname="testcases.Verimi"/>
  <testcase name="testcases3" time="0.026" classname="testcases.Verimi"/>
  <testcase name="testcases4" time="0.434" classname="testcases.Verimi"/>
</testsuite> <!-- Verimi -->
